mode: set
github.com/abhishek-inspopindia/goworkspace/fizzbuzz/pkg_fizzbuzz/fizzbuzz.go:9.49,10.28 1 1
github.com/abhishek-inspopindia/goworkspace/fizzbuzz/pkg_fizzbuzz/fizzbuzz.go:10.28,11.25 1 1
github.com/abhishek-inspopindia/goworkspace/fizzbuzz/pkg_fizzbuzz/fizzbuzz.go:11.25,13.4 1 1
github.com/abhishek-inspopindia/goworkspace/fizzbuzz/pkg_fizzbuzz/fizzbuzz.go:13.9,13.25 1 1
github.com/abhishek-inspopindia/goworkspace/fizzbuzz/pkg_fizzbuzz/fizzbuzz.go:13.25,15.4 1 1
github.com/abhishek-inspopindia/goworkspace/fizzbuzz/pkg_fizzbuzz/fizzbuzz.go:15.9,15.25 1 1
github.com/abhishek-inspopindia/goworkspace/fizzbuzz/pkg_fizzbuzz/fizzbuzz.go:15.25,17.4 1 1
github.com/abhishek-inspopindia/goworkspace/fizzbuzz/pkg_fizzbuzz/fizzbuzz.go:17.9,19.4 1 1
