mode: set
github.com/abhishek-inspopindia/goworkspace/fizzbuzz1/main.go:9.13,18.2 5 0
github.com/abhishek-inspopindia/goworkspace/fizzbuzz1/main.go:21.49,22.28 1 1
github.com/abhishek-inspopindia/goworkspace/fizzbuzz1/main.go:22.28,23.25 1 1
github.com/abhishek-inspopindia/goworkspace/fizzbuzz1/main.go:23.25,25.4 1 1
github.com/abhishek-inspopindia/goworkspace/fizzbuzz1/main.go:25.9,25.25 1 1
github.com/abhishek-inspopindia/goworkspace/fizzbuzz1/main.go:25.25,27.4 1 1
github.com/abhishek-inspopindia/goworkspace/fizzbuzz1/main.go:27.9,27.25 1 1
github.com/abhishek-inspopindia/goworkspace/fizzbuzz1/main.go:27.25,29.4 1 1
github.com/abhishek-inspopindia/goworkspace/fizzbuzz1/main.go:29.9,31.4 1 1
