mode: set
github.com/abhishek-inspopindia/goworkspace/pkg/fizzbuzz_chan/fizzbuzz_chan.go:9.46,18.2 5 1
github.com/abhishek-inspopindia/goworkspace/pkg/fizzbuzz_chan/fizzbuzz_chan.go:21.52,23.28 2 1
github.com/abhishek-inspopindia/goworkspace/pkg/fizzbuzz_chan/fizzbuzz_chan.go:34.2,34.10 1 1
github.com/abhishek-inspopindia/goworkspace/pkg/fizzbuzz_chan/fizzbuzz_chan.go:23.28,24.22 1 1
github.com/abhishek-inspopindia/goworkspace/pkg/fizzbuzz_chan/fizzbuzz_chan.go:24.22,26.4 1 1
github.com/abhishek-inspopindia/goworkspace/pkg/fizzbuzz_chan/fizzbuzz_chan.go:26.9,26.25 1 1
github.com/abhishek-inspopindia/goworkspace/pkg/fizzbuzz_chan/fizzbuzz_chan.go:26.25,28.4 1 1
github.com/abhishek-inspopindia/goworkspace/pkg/fizzbuzz_chan/fizzbuzz_chan.go:28.9,28.25 1 1
github.com/abhishek-inspopindia/goworkspace/pkg/fizzbuzz_chan/fizzbuzz_chan.go:28.25,30.4 1 1
github.com/abhishek-inspopindia/goworkspace/pkg/fizzbuzz_chan/fizzbuzz_chan.go:30.9,32.4 1 1
github.com/abhishek-inspopindia/goworkspace/pkg/fizzbuzz_chan/fizzbuzz_chan.go:38.51,40.19 2 1
github.com/abhishek-inspopindia/goworkspace/pkg/fizzbuzz_chan/fizzbuzz_chan.go:40.19,43.3 2 1
